0 info it worked if it ends with ok
1 verbose cli [ 'E:\\Program Files\\nodejs\\node.exe',
1 verbose cli   'E:\\Program Files\\nodejs\\node_modules\\npm\\bin\\npm-cli.js',
1 verbose cli   'view',
1 verbose cli   'moduleNames' ]
2 info using npm@2.15.1
3 info using node@v4.4.4
4 silly mapToRegistry name moduleNames
5 silly mapToRegistry using default registry
6 silly mapToRegistry registry https://registry.npmjs.org/
7 silly mapToRegistry data Result {
7 silly mapToRegistry   raw: 'moduleNames',
7 silly mapToRegistry   scope: null,
7 silly mapToRegistry   name: 'moduleNames',
7 silly mapToRegistry   rawSpec: '',
7 silly mapToRegistry   spec: 'latest',
7 silly mapToRegistry   type: 'tag' }
8 silly mapToRegistry uri https://registry.npmjs.org/moduleNames
9 verbose request uri https://registry.npmjs.org/moduleNames
10 verbose request no auth needed
11 info attempt registry request try #1 at 20:48:32
12 verbose request id e6848f10eaef4cfb
13 http request GET https://registry.npmjs.org/moduleNames
14 http 404 https://registry.npmjs.org/moduleNames
15 verbose headers { 'content-type': 'application/json',
15 verbose headers   'cache-control': 'max-age=0',
15 verbose headers   'content-length': '2',
15 verbose headers   'accept-ranges': 'bytes',
15 verbose headers   date: 'Fri, 20 May 2016 12:48:16 GMT',
15 verbose headers   via: '1.1 varnish',
15 verbose headers   age: '0',
15 verbose headers   connection: 'keep-alive',
15 verbose headers   'x-served-by': 'cache-sin6921-SIN',
15 verbose headers   'x-cache': 'MISS',
15 verbose headers   'x-cache-hits': '0',
15 verbose headers   'x-timer': 'S1463748496.361718,VS0,VE250',
15 verbose headers   vary: 'Accept-Encoding' }
16 silly get cb [ 404,
16 silly get   { 'content-type': 'application/json',
16 silly get     'cache-control': 'max-age=0',
16 silly get     'content-length': '2',
16 silly get     'accept-ranges': 'bytes',
16 silly get     date: 'Fri, 20 May 2016 12:48:16 GMT',
16 silly get     via: '1.1 varnish',
16 silly get     age: '0',
16 silly get     connection: 'keep-alive',
16 silly get     'x-served-by': 'cache-sin6921-SIN',
16 silly get     'x-cache': 'MISS',
16 silly get     'x-cache-hits': '0',
16 silly get     'x-timer': 'S1463748496.361718,VS0,VE250',
16 silly get     vary: 'Accept-Encoding' } ]
17 verbose stack Error: Registry returned 404 for GET on https://registry.npmjs.org/moduleNames
17 verbose stack     at makeError (E:\Program Files\nodejs\node_modules\npm\node_modules\npm-registry-client\lib\request.js:264:12)
17 verbose stack     at CachingRegistryClient.<anonymous> (E:\Program Files\nodejs\node_modules\npm\node_modules\npm-registry-client\lib\request.js:242:14)
17 verbose stack     at Request._callback (E:\Program Files\nodejs\node_modules\npm\node_modules\npm-registry-client\lib\request.js:172:14)
17 verbose stack     at Request.self.callback (E:\Program Files\nodejs\node_modules\npm\node_modules\request\request.js:199:22)
17 verbose stack     at emitTwo (events.js:87:13)
17 verbose stack     at Request.emit (events.js:172:7)
17 verbose stack     at Request.<anonymous> (E:\Program Files\nodejs\node_modules\npm\node_modules\request\request.js:1036:10)
17 verbose stack     at emitOne (events.js:82:20)
17 verbose stack     at Request.emit (events.js:169:7)
17 verbose stack     at IncomingMessage.<anonymous> (E:\Program Files\nodejs\node_modules\npm\node_modules\request\request.js:963:12)
18 verbose statusCode 404
19 verbose pkgid moduleNames
20 verbose cwd E:\caisong.github.io
21 error Windows_NT 6.1.7601
22 error argv "E:\\Program Files\\nodejs\\node.exe" "E:\\Program Files\\nodejs\\node_modules\\npm\\bin\\npm-cli.js" "view" "moduleNames"
23 error node v4.4.4
24 error npm  v2.15.1
25 error code E404
26 error 404 Registry returned 404 for GET on https://registry.npmjs.org/moduleNames
26 error 404
26 error 404 'moduleNames' is not in the npm registry.
26 error 404 Your package name is not valid, because
26 error 404
26 error 404  1. name can no longer contain capital letters
26 error 404
26 error 404 Note that you can also install from a
26 error 404 tarball, folder, http url, or git url.
27 verbose exit [ 1, true ]
